<?xml version="1.0" encoding="UTF-8"?>
<!-- Generated by org.testng.reporters.JUnitReportReporter -->
<testsuite hostname="DESKTOP-458OALL" failures="0" tests="2" name="Books.TC_DWS_001_Test" time="0.208" errors="1" timestamp="2025-03-31T20:45:03 IST" skipped="1">
  <testcase classname="Books.TC_DWS_001_Test" name="repoertConfig" time="0.208">
    <error message="Unresolved compilation problem: 
	This method must return a result of type String
" type="java.lang.Error">
      <![CDATA[java.lang.Error: Unresolved compilation problem: 
This method must return a result of type String

at GenericUtility.Javautility.getSystemTime(Javautility.java:11)
at GenericUtility.BaseClass.repoertConfig(BaseClass.java:24)
at java.base/jdk.internal.reflect.DirectMethodHandleAccessor.invoke(DirectMethodHandleAccessor.java:103)
at java.base/java.lang.reflect.Method.invoke(Method.java:580)
at org.testng.internal.invokers.MethodInvocationHelper.invokeMethod(MethodInvocationHelper.java:139)
at org.testng.internal.invokers.MethodInvocationHelper.invokeMethodConsideringTimeout(MethodInvocationHelper.java:69)
at org.testng.internal.invokers.ConfigInvoker.invokeConfigurationMethod(ConfigInvoker.java:361)
at org.testng.internal.invokers.ConfigInvoker.invokeConfigurations(ConfigInvoker.java:296)
at org.testng.SuiteRunner.privateRun(SuiteRunner.java:376)
at org.testng.SuiteRunner.run(SuiteRunner.java:330)
at org.testng.SuiteRunnerWorker.runSuite(SuiteRunnerWorker.java:52)
at org.testng.SuiteRunnerWorker.run(SuiteRunnerWorker.java:95)
at org.testng.TestNG.runSuitesSequentially(TestNG.java:1256)
at org.testng.TestNG.runSuitesLocally(TestNG.java:1176)
at org.testng.TestNG.runSuites(TestNG.java:1099)
at org.testng.TestNG.run(TestNG.java:1067)
at org.testng.remote.AbstractRemoteTestNG.run(AbstractRemoteTestNG.java:115)
at org.testng.remote.RemoteTestNG.initAndRun(RemoteTestNG.java:293)
at org.testng.remote.RemoteTestNG.main(RemoteTestNG.java:91)
]]>
    </error>
  </testcase> <!-- repoertConfig -->
  <system-out/>
  <testcase classname="Books.TC_DWS_001_Test" name="ClickOnBooks" time="0.000">
    <skipped/>
  </testcase> <!-- ClickOnBooks -->
  <system-out/>
</testsuite> <!-- Books.TC_DWS_001_Test -->
